[0.030s] Invoking command in '/root/home/foxy_ws/src/tech_palcantara/hoverboard_mvp/build/hoverboard_mvp': CMAKE_PREFIX_PATH=/root/home/foxy_ws/install/zero_planner:/root/home/foxy_ws/install/turtlebot3_simulations:/root/home/foxy_ws/install/turtlebot3_gazebo:/root/home/foxy_ws/install/turtlebot3:/root/home/foxy_ws/install/turtlebot3_bringup:/root/home/foxy_ws/install/turtlebot3_node:/root/home/foxy_ws/install/turtlebot3_navigation2:/root/home/foxy_ws/install/turtlebot3_fake_node:/root/home/foxy_ws/install/turtlebot3_description:/root/home/foxy_ws/install/turtlebot3_cartographer:/root/home/foxy_ws/install/squarbo_simulation:/root/home/foxy_ws/install/squarbo_description:/root/home/foxy_ws/install/nav2_straightline_planner:/root/home/foxy_ws/install/my_package:/root/home/foxy_ws/install/hoverboard_mvp:/root/home/foxy_ws/install/dolly:/root/home/foxy_ws/install/dolly_gazebo:/root/home/foxy_ws/install/dolly_follow:/root/home/foxy_ws/install/turtlebot3_teleop:/root/home/foxy_ws/install/turtlebot3_example:/root/home/foxy_ws/install/squarbo_gazebo:/opt/ros/foxy:/opt/ros/noetic /usr/bin/cmake --build /root/home/foxy_ws/src/tech_palcantara/hoverboard_mvp/build/hoverboard_mvp -- -j12 -l12
[0.337s] [35m[1mScanning dependencies of target move_controller_node[0m
[0.397s] [ 50%] [32mBuilding CXX object CMakeFiles/move_controller_node.dir/src/mode_controller.cpp.o[0m
[7.612s] [100%] [32m[1mLinking CXX executable move_controller_node[0m
[8.092s] [100%] Built target move_controller_node
[8.106s] Invoked command in '/root/home/foxy_ws/src/tech_palcantara/hoverboard_mvp/build/hoverboard_mvp' returned '0': CMAKE_PREFIX_PATH=/root/home/foxy_ws/install/zero_planner:/root/home/foxy_ws/install/turtlebot3_simulations:/root/home/foxy_ws/install/turtlebot3_gazebo:/root/home/foxy_ws/install/turtlebot3:/root/home/foxy_ws/install/turtlebot3_bringup:/root/home/foxy_ws/install/turtlebot3_node:/root/home/foxy_ws/install/turtlebot3_navigation2:/root/home/foxy_ws/install/turtlebot3_fake_node:/root/home/foxy_ws/install/turtlebot3_description:/root/home/foxy_ws/install/turtlebot3_cartographer:/root/home/foxy_ws/install/squarbo_simulation:/root/home/foxy_ws/install/squarbo_description:/root/home/foxy_ws/install/nav2_straightline_planner:/root/home/foxy_ws/install/my_package:/root/home/foxy_ws/install/hoverboard_mvp:/root/home/foxy_ws/install/dolly:/root/home/foxy_ws/install/dolly_gazebo:/root/home/foxy_ws/install/dolly_follow:/root/home/foxy_ws/install/turtlebot3_teleop:/root/home/foxy_ws/install/turtlebot3_example:/root/home/foxy_ws/install/squarbo_gazebo:/opt/ros/foxy:/opt/ros/noetic /usr/bin/cmake --build /root/home/foxy_ws/src/tech_palcantara/hoverboard_mvp/build/hoverboard_mvp -- -j12 -l12
[8.158s] Invoking command in '/root/home/foxy_ws/src/tech_palcantara/hoverboard_mvp/build/hoverboard_mvp': CMAKE_PREFIX_PATH=/root/home/foxy_ws/install/zero_planner:/root/home/foxy_ws/install/turtlebot3_simulations:/root/home/foxy_ws/install/turtlebot3_gazebo:/root/home/foxy_ws/install/turtlebot3:/root/home/foxy_ws/install/turtlebot3_bringup:/root/home/foxy_ws/install/turtlebot3_node:/root/home/foxy_ws/install/turtlebot3_navigation2:/root/home/foxy_ws/install/turtlebot3_fake_node:/root/home/foxy_ws/install/turtlebot3_description:/root/home/foxy_ws/install/turtlebot3_cartographer:/root/home/foxy_ws/install/squarbo_simulation:/root/home/foxy_ws/install/squarbo_description:/root/home/foxy_ws/install/nav2_straightline_planner:/root/home/foxy_ws/install/my_package:/root/home/foxy_ws/install/hoverboard_mvp:/root/home/foxy_ws/install/dolly:/root/home/foxy_ws/install/dolly_gazebo:/root/home/foxy_ws/install/dolly_follow:/root/home/foxy_ws/install/turtlebot3_teleop:/root/home/foxy_ws/install/turtlebot3_example:/root/home/foxy_ws/install/squarbo_gazebo:/opt/ros/foxy:/opt/ros/noetic /usr/bin/cmake --install /root/home/foxy_ws/src/tech_palcantara/hoverboard_mvp/build/hoverboard_mvp
[8.173s] -- Install configuration: ""
[8.174s] -- Installing: /root/home/foxy_ws/src/tech_palcantara/hoverboard_mvp/install/hoverboard_mvp/lib/hoverboard_mvp/move_controller_node
[8.178s] -- Set runtime path of "/root/home/foxy_ws/src/tech_palcantara/hoverboard_mvp/install/hoverboard_mvp/lib/hoverboard_mvp/move_controller_node" to ""
[8.178s] -- Up-to-date: /root/home/foxy_ws/src/tech_palcantara/hoverboard_mvp/install/hoverboard_mvp/share/hoverboard_mvp//launch
[8.179s] -- Up-to-date: /root/home/foxy_ws/src/tech_palcantara/hoverboard_mvp/install/hoverboard_mvp/share/hoverboard_mvp//launch/bringup_launch.py
[8.179s] -- Up-to-date: /root/home/foxy_ws/src/tech_palcantara/hoverboard_mvp/install/hoverboard_mvp/share/hoverboard_mvp//launch/robot_simulation_launch.py
[8.179s] -- Up-to-date: /root/home/foxy_ws/src/tech_palcantara/hoverboard_mvp/install/hoverboard_mvp/share/hoverboard_mvp//launch/hoverboard.launch.py
[8.179s] -- Up-to-date: /root/home/foxy_ws/src/tech_palcantara/hoverboard_mvp/install/hoverboard_mvp/share/hoverboard_mvp//launch/slam_launch.py
[8.179s] -- Up-to-date: /root/home/foxy_ws/src/tech_palcantara/hoverboard_mvp/install/hoverboard_mvp/share/hoverboard_mvp//launch/rviz_launch.py
[8.179s] -- Up-to-date: /root/home/foxy_ws/src/tech_palcantara/hoverboard_mvp/install/hoverboard_mvp/share/hoverboard_mvp//launch/spawn_robot.launch.py
[8.180s] -- Up-to-date: /root/home/foxy_ws/src/tech_palcantara/hoverboard_mvp/install/hoverboard_mvp/share/hoverboard_mvp//launch/controllers.launch.py
[8.180s] -- Up-to-date: /root/home/foxy_ws/src/tech_palcantara/hoverboard_mvp/install/hoverboard_mvp/share/hoverboard_mvp//launch/localization_launch.py
[8.180s] -- Up-to-date: /root/home/foxy_ws/src/tech_palcantara/hoverboard_mvp/install/hoverboard_mvp/share/hoverboard_mvp//launch/navigation_launch.py
[8.180s] -- Up-to-date: /root/home/foxy_ws/src/tech_palcantara/hoverboard_mvp/install/hoverboard_mvp/share/hoverboard_mvp//worlds
[8.180s] -- Up-to-date: /root/home/foxy_ws/src/tech_palcantara/hoverboard_mvp/install/hoverboard_mvp/share/hoverboard_mvp//worlds/empty.world
[8.180s] -- Up-to-date: /root/home/foxy_ws/src/tech_palcantara/hoverboard_mvp/install/hoverboard_mvp/share/hoverboard_mvp//worlds/diff_driver_robot.world
[8.180s] -- Up-to-date: /root/home/foxy_ws/src/tech_palcantara/hoverboard_mvp/install/hoverboard_mvp/share/hoverboard_mvp//urdf
[8.181s] -- Up-to-date: /root/home/foxy_ws/src/tech_palcantara/hoverboard_mvp/install/hoverboard_mvp/share/hoverboard_mvp//urdf/hoverboard.urdf
[8.181s] -- Up-to-date: /root/home/foxy_ws/src/tech_palcantara/hoverboard_mvp/install/hoverboard_mvp/share/hoverboard_mvp//rviz
[8.181s] -- Up-to-date: /root/home/foxy_ws/src/tech_palcantara/hoverboard_mvp/install/hoverboard_mvp/share/hoverboard_mvp//rviz/nav2_default_view.rviz
[8.181s] -- Up-to-date: /root/home/foxy_ws/src/tech_palcantara/hoverboard_mvp/install/hoverboard_mvp/share/hoverboard_mvp//params
[8.181s] -- Up-to-date: /root/home/foxy_ws/src/tech_palcantara/hoverboard_mvp/install/hoverboard_mvp/share/hoverboard_mvp//params/nav2_params.yaml
[8.181s] -- Up-to-date: /root/home/foxy_ws/src/tech_palcantara/hoverboard_mvp/install/hoverboard_mvp/share/hoverboard_mvp//maps
[8.181s] -- Up-to-date: /root/home/foxy_ws/src/tech_palcantara/hoverboard_mvp/install/hoverboard_mvp/share/hoverboard_mvp//maps/simple.pgm
[8.182s] -- Up-to-date: /root/home/foxy_ws/src/tech_palcantara/hoverboard_mvp/install/hoverboard_mvp/share/hoverboard_mvp//maps/simple.yaml
[8.182s] -- Up-to-date: /root/home/foxy_ws/src/tech_palcantara/hoverboard_mvp/install/hoverboard_mvp/share/hoverboard_mvp/environment/pythonpath.sh
[8.182s] -- Up-to-date: /root/home/foxy_ws/src/tech_palcantara/hoverboard_mvp/install/hoverboard_mvp/share/hoverboard_mvp/environment/pythonpath.dsv
[8.182s] -- Up-to-date: /root/home/foxy_ws/src/tech_palcantara/hoverboard_mvp/install/hoverboard_mvp/lib/python3.8/site-packages/hoverboard_mvp
[8.182s] -- Installing: /root/home/foxy_ws/src/tech_palcantara/hoverboard_mvp/install/hoverboard_mvp/lib/python3.8/site-packages/hoverboard_mvp/path_controller.py
[8.183s] -- Up-to-date: /root/home/foxy_ws/src/tech_palcantara/hoverboard_mvp/install/hoverboard_mvp/lib/python3.8/site-packages/hoverboard_mvp/__init__.py
[8.233s] Listing '/root/home/foxy_ws/src/tech_palcantara/hoverboard_mvp/install/hoverboard_mvp/lib/python3.8/site-packages/hoverboard_mvp'...
[8.234s] Compiling '/root/home/foxy_ws/src/tech_palcantara/hoverboard_mvp/install/hoverboard_mvp/lib/python3.8/site-packages/hoverboard_mvp/path_controller.py'...
[8.239s] -- Up-to-date: /root/home/foxy_ws/src/tech_palcantara/hoverboard_mvp/install/hoverboard_mvp/lib/hoverboard_mvp/path_controller_node.py
[8.239s] -- Up-to-date: /root/home/foxy_ws/src/tech_palcantara/hoverboard_mvp/install/hoverboard_mvp/share/ament_index/resource_index/package_run_dependencies/hoverboard_mvp
[8.240s] -- Up-to-date: /root/home/foxy_ws/src/tech_palcantara/hoverboard_mvp/install/hoverboard_mvp/share/ament_index/resource_index/parent_prefix_path/hoverboard_mvp
[8.240s] -- Up-to-date: /root/home/foxy_ws/src/tech_palcantara/hoverboard_mvp/install/hoverboard_mvp/share/hoverboard_mvp/environment/ament_prefix_path.sh
[8.240s] -- Up-to-date: /root/home/foxy_ws/src/tech_palcantara/hoverboard_mvp/install/hoverboard_mvp/share/hoverboard_mvp/environment/ament_prefix_path.dsv
[8.240s] -- Up-to-date: /root/home/foxy_ws/src/tech_palcantara/hoverboard_mvp/install/hoverboard_mvp/share/hoverboard_mvp/environment/path.sh
[8.240s] -- Up-to-date: /root/home/foxy_ws/src/tech_palcantara/hoverboard_mvp/install/hoverboard_mvp/share/hoverboard_mvp/environment/path.dsv
[8.240s] -- Up-to-date: /root/home/foxy_ws/src/tech_palcantara/hoverboard_mvp/install/hoverboard_mvp/share/hoverboard_mvp/local_setup.bash
[8.240s] -- Up-to-date: /root/home/foxy_ws/src/tech_palcantara/hoverboard_mvp/install/hoverboard_mvp/share/hoverboard_mvp/local_setup.sh
[8.241s] -- Up-to-date: /root/home/foxy_ws/src/tech_palcantara/hoverboard_mvp/install/hoverboard_mvp/share/hoverboard_mvp/local_setup.zsh
[8.241s] -- Up-to-date: /root/home/foxy_ws/src/tech_palcantara/hoverboard_mvp/install/hoverboard_mvp/share/hoverboard_mvp/local_setup.dsv
[8.241s] -- Installing: /root/home/foxy_ws/src/tech_palcantara/hoverboard_mvp/install/hoverboard_mvp/share/hoverboard_mvp/package.dsv
[8.241s] -- Up-to-date: /root/home/foxy_ws/src/tech_palcantara/hoverboard_mvp/install/hoverboard_mvp/share/ament_index/resource_index/packages/hoverboard_mvp
[8.241s] -- Up-to-date: /root/home/foxy_ws/src/tech_palcantara/hoverboard_mvp/install/hoverboard_mvp/share/hoverboard_mvp/cmake/hoverboard_mvpConfig.cmake
[8.241s] -- Up-to-date: /root/home/foxy_ws/src/tech_palcantara/hoverboard_mvp/install/hoverboard_mvp/share/hoverboard_mvp/cmake/hoverboard_mvpConfig-version.cmake
[8.241s] -- Up-to-date: /root/home/foxy_ws/src/tech_palcantara/hoverboard_mvp/install/hoverboard_mvp/share/hoverboard_mvp/package.xml
[8.245s] Invoked command in '/root/home/foxy_ws/src/tech_palcantara/hoverboard_mvp/build/hoverboard_mvp' returned '0': CMAKE_PREFIX_PATH=/root/home/foxy_ws/install/zero_planner:/root/home/foxy_ws/install/turtlebot3_simulations:/root/home/foxy_ws/install/turtlebot3_gazebo:/root/home/foxy_ws/install/turtlebot3:/root/home/foxy_ws/install/turtlebot3_bringup:/root/home/foxy_ws/install/turtlebot3_node:/root/home/foxy_ws/install/turtlebot3_navigation2:/root/home/foxy_ws/install/turtlebot3_fake_node:/root/home/foxy_ws/install/turtlebot3_description:/root/home/foxy_ws/install/turtlebot3_cartographer:/root/home/foxy_ws/install/squarbo_simulation:/root/home/foxy_ws/install/squarbo_description:/root/home/foxy_ws/install/nav2_straightline_planner:/root/home/foxy_ws/install/my_package:/root/home/foxy_ws/install/hoverboard_mvp:/root/home/foxy_ws/install/dolly:/root/home/foxy_ws/install/dolly_gazebo:/root/home/foxy_ws/install/dolly_follow:/root/home/foxy_ws/install/turtlebot3_teleop:/root/home/foxy_ws/install/turtlebot3_example:/root/home/foxy_ws/install/squarbo_gazebo:/opt/ros/foxy:/opt/ros/noetic /usr/bin/cmake --install /root/home/foxy_ws/src/tech_palcantara/hoverboard_mvp/build/hoverboard_mvp
