[0.030s] Invoking command in '/root/home/foxy_ws/src/tech_palcantara/hoverboard_mvp/build/hoverboard_mvp': CMAKE_PREFIX_PATH=/root/home/foxy_ws/install/zero_planner:/root/home/foxy_ws/install/turtlebot3_simulations:/root/home/foxy_ws/install/turtlebot3_gazebo:/root/home/foxy_ws/install/turtlebot3:/root/home/foxy_ws/install/turtlebot3_bringup:/root/home/foxy_ws/install/turtlebot3_node:/root/home/foxy_ws/install/turtlebot3_navigation2:/root/home/foxy_ws/install/turtlebot3_fake_node:/root/home/foxy_ws/install/turtlebot3_description:/root/home/foxy_ws/install/turtlebot3_cartographer:/root/home/foxy_ws/install/squarbo_simulation:/root/home/foxy_ws/install/squarbo_description:/root/home/foxy_ws/install/nav2_straightline_planner:/root/home/foxy_ws/install/my_package:/root/home/foxy_ws/install/hoverboard_mvp:/root/home/foxy_ws/install/dolly:/root/home/foxy_ws/install/dolly_gazebo:/root/home/foxy_ws/install/dolly_follow:/root/home/foxy_ws/install/turtlebot3_teleop:/root/home/foxy_ws/install/turtlebot3_example:/root/home/foxy_ws/install/squarbo_gazebo:/opt/ros/foxy:/opt/ros/noetic /usr/bin/cmake /root/home/foxy_ws/src/tech_palcantara/hoverboard_mvp -DCMAKE_INSTALL_PREFIX=/root/home/foxy_ws/src/tech_palcantara/hoverboard_mvp/install/hoverboard_mvp
[0.261s] -- The C compiler identification is GNU 9.3.0
[0.402s] -- The CXX compiler identification is GNU 9.3.0
[0.417s] -- Check for working C compiler: /usr/bin/cc
[0.544s] -- Check for working C compiler: /usr/bin/cc -- works
[0.547s] -- Detecting C compiler ABI info
[0.685s] -- Detecting C compiler ABI info - done
[0.725s] -- Detecting C compile features
[0.726s] -- Detecting C compile features - done
[0.733s] -- Check for working CXX compiler: /usr/bin/c++
[0.875s] -- Check for working CXX compiler: /usr/bin/c++ -- works
[0.878s] -- Detecting CXX compiler ABI info
[0.997s] -- Detecting CXX compiler ABI info - done
[1.025s] -- Detecting CXX compile features
[1.026s] -- Detecting CXX compile features - done
[1.041s] -- Found ament_cmake: 0.9.8 (/opt/ros/foxy/share/ament_cmake/cmake)
[1.098s] -- Found PythonInterp: /usr/bin/python3 (found suitable version "3.8.5", minimum required is "3") 
[1.099s] -- Using PYTHON_EXECUTABLE: /usr/bin/python3
[1.628s] -- Found rclcpp: 2.3.0 (/opt/ros/foxy/share/rclcpp/cmake)
[1.815s] -- Using all available rosidl_typesupport_c: rosidl_typesupport_fastrtps_c;rosidl_typesupport_introspection_c
[1.837s] -- Found rosidl_adapter: 1.2.0 (/opt/ros/foxy/share/rosidl_adapter/cmake)
[2.129s] -- Found OpenSSL: /usr/lib/x86_64-linux-gnu/libcrypto.so (found version "1.1.1f")  
[2.228s] -- Found FastRTPS: /opt/ros/foxy/include  
[2.446s] -- Using all available rosidl_typesupport_cpp: rosidl_typesupport_fastrtps_cpp;rosidl_typesupport_introspection_cpp
[2.585s] -- Found rmw_implementation_cmake: 1.0.2 (/opt/ros/foxy/share/rmw_implementation_cmake/cmake)
[2.590s] -- Using RMW implementation 'rmw_fastrtps_cpp' as default
[2.593s] -- Looking for pthread.h
[2.701s] -- Looking for pthread.h - found
[2.701s] -- Performing Test CMAKE_HAVE_LIBC_PTHREAD
[2.825s] -- Performing Test CMAKE_HAVE_LIBC_PTHREAD - Failed
[2.825s] -- Looking for pthread_create in pthreads
[2.940s] -- Looking for pthread_create in pthreads - not found
[2.940s] -- Looking for pthread_create in pthread
[3.065s] -- Looking for pthread_create in pthread - found
[3.068s] -- Found Threads: TRUE  
[3.430s] -- Found rclpy: 1.0.5 (/opt/ros/foxy/share/rclpy/cmake)
[3.436s] -- Found geometry_msgs: 2.0.3 (/opt/ros/foxy/share/geometry_msgs/cmake)
[3.511s] -- Found nav_msgs: 2.0.3 (/opt/ros/foxy/share/nav_msgs/cmake)
[3.685s] -- Found example_interfaces: 0.9.0 (/opt/ros/foxy/share/example_interfaces/cmake)
[3.950s] -- Found nav2_common: 0.4.5 (/opt/ros/foxy/share/nav2_common/cmake)
[3.955s] -- Found navigation2: 0.4.5 (/opt/ros/foxy/share/navigation2/cmake)
[4.007s] -- Found ament_lint_auto: 0.9.6 (/opt/ros/foxy/share/ament_lint_auto/cmake)
[4.175s] -- Added test 'copyright' to check source files copyright and LICENSE
[4.183s] -- Added test 'cppcheck' to perform static code analysis on C / C++ code
[4.184s] -- Configured cppcheck include dirs: /root/home/foxy_ws/src/tech_palcantara/hoverboard_mvp/include
[4.184s] -- Configured cppcheck exclude dirs and/or files: 
[4.193s] -- Added test 'cpplint' to check C / C++ code against the Google style
[4.193s] -- Configured cpplint exclude dirs and/or files: 
[4.195s] -- Added test 'flake8' to check Python code syntax and style conventions
[4.199s] -- Added test 'lint_cmake' to check CMake code style
[4.201s] -- Added test 'pep257' to check Python code against some of the style conventions in PEP 257
[4.210s] -- Added test 'uncrustify' to check C / C++ code style
[4.211s] -- Configured uncrustify additional arguments: 
[4.213s] -- Added test 'xmllint' to check XML markup files
[4.221s] -- Configuring done
[4.243s] -- Generating done
[4.246s] -- Build files have been written to: /root/home/foxy_ws/src/tech_palcantara/hoverboard_mvp/build/hoverboard_mvp
[4.259s] Invoked command in '/root/home/foxy_ws/src/tech_palcantara/hoverboard_mvp/build/hoverboard_mvp' returned '0': CMAKE_PREFIX_PATH=/root/home/foxy_ws/install/zero_planner:/root/home/foxy_ws/install/turtlebot3_simulations:/root/home/foxy_ws/install/turtlebot3_gazebo:/root/home/foxy_ws/install/turtlebot3:/root/home/foxy_ws/install/turtlebot3_bringup:/root/home/foxy_ws/install/turtlebot3_node:/root/home/foxy_ws/install/turtlebot3_navigation2:/root/home/foxy_ws/install/turtlebot3_fake_node:/root/home/foxy_ws/install/turtlebot3_description:/root/home/foxy_ws/install/turtlebot3_cartographer:/root/home/foxy_ws/install/squarbo_simulation:/root/home/foxy_ws/install/squarbo_description:/root/home/foxy_ws/install/nav2_straightline_planner:/root/home/foxy_ws/install/my_package:/root/home/foxy_ws/install/hoverboard_mvp:/root/home/foxy_ws/install/dolly:/root/home/foxy_ws/install/dolly_gazebo:/root/home/foxy_ws/install/dolly_follow:/root/home/foxy_ws/install/turtlebot3_teleop:/root/home/foxy_ws/install/turtlebot3_example:/root/home/foxy_ws/install/squarbo_gazebo:/opt/ros/foxy:/opt/ros/noetic /usr/bin/cmake /root/home/foxy_ws/src/tech_palcantara/hoverboard_mvp -DCMAKE_INSTALL_PREFIX=/root/home/foxy_ws/src/tech_palcantara/hoverboard_mvp/install/hoverboard_mvp
[4.264s] Invoking command in '/root/home/foxy_ws/src/tech_palcantara/hoverboard_mvp/build/hoverboard_mvp': CMAKE_PREFIX_PATH=/root/home/foxy_ws/install/zero_planner:/root/home/foxy_ws/install/turtlebot3_simulations:/root/home/foxy_ws/install/turtlebot3_gazebo:/root/home/foxy_ws/install/turtlebot3:/root/home/foxy_ws/install/turtlebot3_bringup:/root/home/foxy_ws/install/turtlebot3_node:/root/home/foxy_ws/install/turtlebot3_navigation2:/root/home/foxy_ws/install/turtlebot3_fake_node:/root/home/foxy_ws/install/turtlebot3_description:/root/home/foxy_ws/install/turtlebot3_cartographer:/root/home/foxy_ws/install/squarbo_simulation:/root/home/foxy_ws/install/squarbo_description:/root/home/foxy_ws/install/nav2_straightline_planner:/root/home/foxy_ws/install/my_package:/root/home/foxy_ws/install/hoverboard_mvp:/root/home/foxy_ws/install/dolly:/root/home/foxy_ws/install/dolly_gazebo:/root/home/foxy_ws/install/dolly_follow:/root/home/foxy_ws/install/turtlebot3_teleop:/root/home/foxy_ws/install/turtlebot3_example:/root/home/foxy_ws/install/squarbo_gazebo:/opt/ros/foxy:/opt/ros/noetic /usr/bin/cmake --build /root/home/foxy_ws/src/tech_palcantara/hoverboard_mvp/build/hoverboard_mvp -- -j12 -l12
[4.331s] [35m[1mScanning dependencies of target move_controller_node[0m
[4.471s] [ 50%] [32mBuilding CXX object CMakeFiles/move_controller_node.dir/src/mode_controller.cpp.o[0m
[12.376s] [100%] [32m[1mLinking CXX executable move_controller_node[0m
[12.823s] [100%] Built target move_controller_node
[12.846s] Invoked command in '/root/home/foxy_ws/src/tech_palcantara/hoverboard_mvp/build/hoverboard_mvp' returned '0': CMAKE_PREFIX_PATH=/root/home/foxy_ws/install/zero_planner:/root/home/foxy_ws/install/turtlebot3_simulations:/root/home/foxy_ws/install/turtlebot3_gazebo:/root/home/foxy_ws/install/turtlebot3:/root/home/foxy_ws/install/turtlebot3_bringup:/root/home/foxy_ws/install/turtlebot3_node:/root/home/foxy_ws/install/turtlebot3_navigation2:/root/home/foxy_ws/install/turtlebot3_fake_node:/root/home/foxy_ws/install/turtlebot3_description:/root/home/foxy_ws/install/turtlebot3_cartographer:/root/home/foxy_ws/install/squarbo_simulation:/root/home/foxy_ws/install/squarbo_description:/root/home/foxy_ws/install/nav2_straightline_planner:/root/home/foxy_ws/install/my_package:/root/home/foxy_ws/install/hoverboard_mvp:/root/home/foxy_ws/install/dolly:/root/home/foxy_ws/install/dolly_gazebo:/root/home/foxy_ws/install/dolly_follow:/root/home/foxy_ws/install/turtlebot3_teleop:/root/home/foxy_ws/install/turtlebot3_example:/root/home/foxy_ws/install/squarbo_gazebo:/opt/ros/foxy:/opt/ros/noetic /usr/bin/cmake --build /root/home/foxy_ws/src/tech_palcantara/hoverboard_mvp/build/hoverboard_mvp -- -j12 -l12
[12.903s] Invoking command in '/root/home/foxy_ws/src/tech_palcantara/hoverboard_mvp/build/hoverboard_mvp': CMAKE_PREFIX_PATH=/root/home/foxy_ws/install/zero_planner:/root/home/foxy_ws/install/turtlebot3_simulations:/root/home/foxy_ws/install/turtlebot3_gazebo:/root/home/foxy_ws/install/turtlebot3:/root/home/foxy_ws/install/turtlebot3_bringup:/root/home/foxy_ws/install/turtlebot3_node:/root/home/foxy_ws/install/turtlebot3_navigation2:/root/home/foxy_ws/install/turtlebot3_fake_node:/root/home/foxy_ws/install/turtlebot3_description:/root/home/foxy_ws/install/turtlebot3_cartographer:/root/home/foxy_ws/install/squarbo_simulation:/root/home/foxy_ws/install/squarbo_description:/root/home/foxy_ws/install/nav2_straightline_planner:/root/home/foxy_ws/install/my_package:/root/home/foxy_ws/install/hoverboard_mvp:/root/home/foxy_ws/install/dolly:/root/home/foxy_ws/install/dolly_gazebo:/root/home/foxy_ws/install/dolly_follow:/root/home/foxy_ws/install/turtlebot3_teleop:/root/home/foxy_ws/install/turtlebot3_example:/root/home/foxy_ws/install/squarbo_gazebo:/opt/ros/foxy:/opt/ros/noetic /usr/bin/cmake --install /root/home/foxy_ws/src/tech_palcantara/hoverboard_mvp/build/hoverboard_mvp
[12.918s] -- Install configuration: ""
[12.919s] -- Installing: /root/home/foxy_ws/src/tech_palcantara/hoverboard_mvp/install/hoverboard_mvp/lib/hoverboard_mvp/move_controller_node
[12.922s] -- Set runtime path of "/root/home/foxy_ws/src/tech_palcantara/hoverboard_mvp/install/hoverboard_mvp/lib/hoverboard_mvp/move_controller_node" to ""
[12.922s] -- Installing: /root/home/foxy_ws/src/tech_palcantara/hoverboard_mvp/install/hoverboard_mvp/share/hoverboard_mvp//launch
[12.922s] -- Installing: /root/home/foxy_ws/src/tech_palcantara/hoverboard_mvp/install/hoverboard_mvp/share/hoverboard_mvp//launch/bringup_launch.py
[12.923s] -- Installing: /root/home/foxy_ws/src/tech_palcantara/hoverboard_mvp/install/hoverboard_mvp/share/hoverboard_mvp//launch/robot_simulation_launch.py
[12.923s] -- Installing: /root/home/foxy_ws/src/tech_palcantara/hoverboard_mvp/install/hoverboard_mvp/share/hoverboard_mvp//launch/hoverboard.launch.py
[12.923s] -- Installing: /root/home/foxy_ws/src/tech_palcantara/hoverboard_mvp/install/hoverboard_mvp/share/hoverboard_mvp//launch/slam_launch.py
[12.923s] -- Installing: /root/home/foxy_ws/src/tech_palcantara/hoverboard_mvp/install/hoverboard_mvp/share/hoverboard_mvp//launch/rviz_launch.py
[12.924s] -- Installing: /root/home/foxy_ws/src/tech_palcantara/hoverboard_mvp/install/hoverboard_mvp/share/hoverboard_mvp//launch/spawn_robot.launch.py
[12.924s] -- Installing: /root/home/foxy_ws/src/tech_palcantara/hoverboard_mvp/install/hoverboard_mvp/share/hoverboard_mvp//launch/controllers.launch.py
[12.925s] -- Installing: /root/home/foxy_ws/src/tech_palcantara/hoverboard_mvp/install/hoverboard_mvp/share/hoverboard_mvp//launch/localization_launch.py
[12.925s] -- Installing: /root/home/foxy_ws/src/tech_palcantara/hoverboard_mvp/install/hoverboard_mvp/share/hoverboard_mvp//launch/navigation_launch.py
[12.925s] -- Installing: /root/home/foxy_ws/src/tech_palcantara/hoverboard_mvp/install/hoverboard_mvp/share/hoverboard_mvp//worlds
[12.925s] -- Installing: /root/home/foxy_ws/src/tech_palcantara/hoverboard_mvp/install/hoverboard_mvp/share/hoverboard_mvp//worlds/empty.world
[12.925s] -- Installing: /root/home/foxy_ws/src/tech_palcantara/hoverboard_mvp/install/hoverboard_mvp/share/hoverboard_mvp//worlds/diff_driver_robot.world
[12.925s] -- Installing: /root/home/foxy_ws/src/tech_palcantara/hoverboard_mvp/install/hoverboard_mvp/share/hoverboard_mvp//urdf
[12.926s] -- Installing: /root/home/foxy_ws/src/tech_palcantara/hoverboard_mvp/install/hoverboard_mvp/share/hoverboard_mvp//urdf/hoverboard.urdf
[12.926s] -- Installing: /root/home/foxy_ws/src/tech_palcantara/hoverboard_mvp/install/hoverboard_mvp/share/hoverboard_mvp//rviz
[12.926s] -- Installing: /root/home/foxy_ws/src/tech_palcantara/hoverboard_mvp/install/hoverboard_mvp/share/hoverboard_mvp//rviz/nav2_default_view.rviz
[12.926s] -- Installing: /root/home/foxy_ws/src/tech_palcantara/hoverboard_mvp/install/hoverboard_mvp/share/hoverboard_mvp//params
[12.926s] -- Installing: /root/home/foxy_ws/src/tech_palcantara/hoverboard_mvp/install/hoverboard_mvp/share/hoverboard_mvp//params/nav2_params.yaml
[12.926s] -- Installing: /root/home/foxy_ws/src/tech_palcantara/hoverboard_mvp/install/hoverboard_mvp/share/hoverboard_mvp//maps
[12.926s] -- Installing: /root/home/foxy_ws/src/tech_palcantara/hoverboard_mvp/install/hoverboard_mvp/share/hoverboard_mvp//maps/simple.pgm
[12.927s] -- Installing: /root/home/foxy_ws/src/tech_palcantara/hoverboard_mvp/install/hoverboard_mvp/share/hoverboard_mvp//maps/simple.yaml
[12.928s] -- Installing: /root/home/foxy_ws/src/tech_palcantara/hoverboard_mvp/install/hoverboard_mvp/share/hoverboard_mvp/environment/pythonpath.sh
[12.928s] -- Installing: /root/home/foxy_ws/src/tech_palcantara/hoverboard_mvp/install/hoverboard_mvp/share/hoverboard_mvp/environment/pythonpath.dsv
[12.928s] -- Installing: /root/home/foxy_ws/src/tech_palcantara/hoverboard_mvp/install/hoverboard_mvp/lib/python3.8/site-packages/hoverboard_mvp
[12.928s] -- Installing: /root/home/foxy_ws/src/tech_palcantara/hoverboard_mvp/install/hoverboard_mvp/lib/python3.8/site-packages/hoverboard_mvp/path_controller.py
[12.929s] -- Installing: /root/home/foxy_ws/src/tech_palcantara/hoverboard_mvp/install/hoverboard_mvp/lib/python3.8/site-packages/hoverboard_mvp/__init__.py
[12.993s] Listing '/root/home/foxy_ws/src/tech_palcantara/hoverboard_mvp/install/hoverboard_mvp/lib/python3.8/site-packages/hoverboard_mvp'...
[12.994s] Compiling '/root/home/foxy_ws/src/tech_palcantara/hoverboard_mvp/install/hoverboard_mvp/lib/python3.8/site-packages/hoverboard_mvp/__init__.py'...
[12.994s] Compiling '/root/home/foxy_ws/src/tech_palcantara/hoverboard_mvp/install/hoverboard_mvp/lib/python3.8/site-packages/hoverboard_mvp/path_controller.py'...
[13.007s] -- Installing: /root/home/foxy_ws/src/tech_palcantara/hoverboard_mvp/install/hoverboard_mvp/lib/hoverboard_mvp/path_controller_node.py
[13.007s] -- Installing: /root/home/foxy_ws/src/tech_palcantara/hoverboard_mvp/install/hoverboard_mvp/share/ament_index/resource_index/package_run_dependencies/hoverboard_mvp
[13.007s] -- Installing: /root/home/foxy_ws/src/tech_palcantara/hoverboard_mvp/install/hoverboard_mvp/share/ament_index/resource_index/parent_prefix_path/hoverboard_mvp
[13.008s] -- Installing: /root/home/foxy_ws/src/tech_palcantara/hoverboard_mvp/install/hoverboard_mvp/share/hoverboard_mvp/environment/ament_prefix_path.sh
[13.008s] -- Installing: /root/home/foxy_ws/src/tech_palcantara/hoverboard_mvp/install/hoverboard_mvp/share/hoverboard_mvp/environment/ament_prefix_path.dsv
[13.008s] -- Installing: /root/home/foxy_ws/src/tech_palcantara/hoverboard_mvp/install/hoverboard_mvp/share/hoverboard_mvp/environment/path.sh
[13.008s] -- Installing: /root/home/foxy_ws/src/tech_palcantara/hoverboard_mvp/install/hoverboard_mvp/share/hoverboard_mvp/environment/path.dsv
[13.009s] -- Installing: /root/home/foxy_ws/src/tech_palcantara/hoverboard_mvp/install/hoverboard_mvp/share/hoverboard_mvp/local_setup.bash
[13.009s] -- Installing: /root/home/foxy_ws/src/tech_palcantara/hoverboard_mvp/install/hoverboard_mvp/share/hoverboard_mvp/local_setup.sh
[13.009s] -- Installing: /root/home/foxy_ws/src/tech_palcantara/hoverboard_mvp/install/hoverboard_mvp/share/hoverboard_mvp/local_setup.zsh
[13.009s] -- Installing: /root/home/foxy_ws/src/tech_palcantara/hoverboard_mvp/install/hoverboard_mvp/share/hoverboard_mvp/local_setup.dsv
[13.010s] -- Installing: /root/home/foxy_ws/src/tech_palcantara/hoverboard_mvp/install/hoverboard_mvp/share/hoverboard_mvp/package.dsv
[13.010s] -- Installing: /root/home/foxy_ws/src/tech_palcantara/hoverboard_mvp/install/hoverboard_mvp/share/ament_index/resource_index/packages/hoverboard_mvp
[13.010s] -- Installing: /root/home/foxy_ws/src/tech_palcantara/hoverboard_mvp/install/hoverboard_mvp/share/hoverboard_mvp/cmake/hoverboard_mvpConfig.cmake
[13.010s] -- Installing: /root/home/foxy_ws/src/tech_palcantara/hoverboard_mvp/install/hoverboard_mvp/share/hoverboard_mvp/cmake/hoverboard_mvpConfig-version.cmake
[13.010s] -- Installing: /root/home/foxy_ws/src/tech_palcantara/hoverboard_mvp/install/hoverboard_mvp/share/hoverboard_mvp/package.xml
[13.014s] Invoked command in '/root/home/foxy_ws/src/tech_palcantara/hoverboard_mvp/build/hoverboard_mvp' returned '0': CMAKE_PREFIX_PATH=/root/home/foxy_ws/install/zero_planner:/root/home/foxy_ws/install/turtlebot3_simulations:/root/home/foxy_ws/install/turtlebot3_gazebo:/root/home/foxy_ws/install/turtlebot3:/root/home/foxy_ws/install/turtlebot3_bringup:/root/home/foxy_ws/install/turtlebot3_node:/root/home/foxy_ws/install/turtlebot3_navigation2:/root/home/foxy_ws/install/turtlebot3_fake_node:/root/home/foxy_ws/install/turtlebot3_description:/root/home/foxy_ws/install/turtlebot3_cartographer:/root/home/foxy_ws/install/squarbo_simulation:/root/home/foxy_ws/install/squarbo_description:/root/home/foxy_ws/install/nav2_straightline_planner:/root/home/foxy_ws/install/my_package:/root/home/foxy_ws/install/hoverboard_mvp:/root/home/foxy_ws/install/dolly:/root/home/foxy_ws/install/dolly_gazebo:/root/home/foxy_ws/install/dolly_follow:/root/home/foxy_ws/install/turtlebot3_teleop:/root/home/foxy_ws/install/turtlebot3_example:/root/home/foxy_ws/install/squarbo_gazebo:/opt/ros/foxy:/opt/ros/noetic /usr/bin/cmake --install /root/home/foxy_ws/src/tech_palcantara/hoverboard_mvp/build/hoverboard_mvp
