[0.030s] Invoking command in '/root/home/foxy_ws/src/tech_palcantara/hoverboard_mvp/build/hoverboard_mvp': CMAKE_PREFIX_PATH=/root/home/foxy_ws/install/zero_planner:/root/home/foxy_ws/install/turtlebot3_simulations:/root/home/foxy_ws/install/turtlebot3_gazebo:/root/home/foxy_ws/install/turtlebot3:/root/home/foxy_ws/install/turtlebot3_bringup:/root/home/foxy_ws/install/turtlebot3_node:/root/home/foxy_ws/install/turtlebot3_navigation2:/root/home/foxy_ws/install/turtlebot3_fake_node:/root/home/foxy_ws/install/turtlebot3_description:/root/home/foxy_ws/install/turtlebot3_cartographer:/root/home/foxy_ws/install/squarbo_simulation:/root/home/foxy_ws/install/squarbo_description:/root/home/foxy_ws/install/nav2_straightline_planner:/root/home/foxy_ws/install/my_package:/root/home/foxy_ws/install/hoverboard_mvp:/root/home/foxy_ws/install/dolly:/root/home/foxy_ws/install/dolly_gazebo:/root/home/foxy_ws/install/dolly_follow:/root/home/foxy_ws/install/turtlebot3_teleop:/root/home/foxy_ws/install/turtlebot3_example:/root/home/foxy_ws/install/squarbo_gazebo:/opt/ros/foxy:/opt/ros/noetic /usr/bin/cmake --build /root/home/foxy_ws/src/tech_palcantara/hoverboard_mvp/build/hoverboard_mvp -- -j12 -l12
[0.142s] [100%] Built target move_controller_node
[0.163s] Invoked command in '/root/home/foxy_ws/src/tech_palcantara/hoverboard_mvp/build/hoverboard_mvp' returned '0': CMAKE_PREFIX_PATH=/root/home/foxy_ws/install/zero_planner:/root/home/foxy_ws/install/turtlebot3_simulations:/root/home/foxy_ws/install/turtlebot3_gazebo:/root/home/foxy_ws/install/turtlebot3:/root/home/foxy_ws/install/turtlebot3_bringup:/root/home/foxy_ws/install/turtlebot3_node:/root/home/foxy_ws/install/turtlebot3_navigation2:/root/home/foxy_ws/install/turtlebot3_fake_node:/root/home/foxy_ws/install/turtlebot3_description:/root/home/foxy_ws/install/turtlebot3_cartographer:/root/home/foxy_ws/install/squarbo_simulation:/root/home/foxy_ws/install/squarbo_description:/root/home/foxy_ws/install/nav2_straightline_planner:/root/home/foxy_ws/install/my_package:/root/home/foxy_ws/install/hoverboard_mvp:/root/home/foxy_ws/install/dolly:/root/home/foxy_ws/install/dolly_gazebo:/root/home/foxy_ws/install/dolly_follow:/root/home/foxy_ws/install/turtlebot3_teleop:/root/home/foxy_ws/install/turtlebot3_example:/root/home/foxy_ws/install/squarbo_gazebo:/opt/ros/foxy:/opt/ros/noetic /usr/bin/cmake --build /root/home/foxy_ws/src/tech_palcantara/hoverboard_mvp/build/hoverboard_mvp -- -j12 -l12
[0.223s] Invoking command in '/root/home/foxy_ws/src/tech_palcantara/hoverboard_mvp/build/hoverboard_mvp': CMAKE_PREFIX_PATH=/root/home/foxy_ws/install/zero_planner:/root/home/foxy_ws/install/turtlebot3_simulations:/root/home/foxy_ws/install/turtlebot3_gazebo:/root/home/foxy_ws/install/turtlebot3:/root/home/foxy_ws/install/turtlebot3_bringup:/root/home/foxy_ws/install/turtlebot3_node:/root/home/foxy_ws/install/turtlebot3_navigation2:/root/home/foxy_ws/install/turtlebot3_fake_node:/root/home/foxy_ws/install/turtlebot3_description:/root/home/foxy_ws/install/turtlebot3_cartographer:/root/home/foxy_ws/install/squarbo_simulation:/root/home/foxy_ws/install/squarbo_description:/root/home/foxy_ws/install/nav2_straightline_planner:/root/home/foxy_ws/install/my_package:/root/home/foxy_ws/install/hoverboard_mvp:/root/home/foxy_ws/install/dolly:/root/home/foxy_ws/install/dolly_gazebo:/root/home/foxy_ws/install/dolly_follow:/root/home/foxy_ws/install/turtlebot3_teleop:/root/home/foxy_ws/install/turtlebot3_example:/root/home/foxy_ws/install/squarbo_gazebo:/opt/ros/foxy:/opt/ros/noetic /usr/bin/cmake --install /root/home/foxy_ws/src/tech_palcantara/hoverboard_mvp/build/hoverboard_mvp
[0.237s] -- Install configuration: ""
[0.238s] -- Up-to-date: /root/home/foxy_ws/src/tech_palcantara/hoverboard_mvp/install/hoverboard_mvp/lib/hoverboard_mvp/move_controller_node
[0.238s] -- Up-to-date: /root/home/foxy_ws/src/tech_palcantara/hoverboard_mvp/install/hoverboard_mvp/share/hoverboard_mvp//launch
[0.239s] -- Up-to-date: /root/home/foxy_ws/src/tech_palcantara/hoverboard_mvp/install/hoverboard_mvp/share/hoverboard_mvp//launch/bringup_launch.py
[0.239s] -- Up-to-date: /root/home/foxy_ws/src/tech_palcantara/hoverboard_mvp/install/hoverboard_mvp/share/hoverboard_mvp//launch/robot_simulation_launch.py
[0.240s] -- Up-to-date: /root/home/foxy_ws/src/tech_palcantara/hoverboard_mvp/install/hoverboard_mvp/share/hoverboard_mvp//launch/hoverboard.launch.py
[0.240s] -- Up-to-date: /root/home/foxy_ws/src/tech_palcantara/hoverboard_mvp/install/hoverboard_mvp/share/hoverboard_mvp//launch/slam_launch.py
[0.240s] -- Up-to-date: /root/home/foxy_ws/src/tech_palcantara/hoverboard_mvp/install/hoverboard_mvp/share/hoverboard_mvp//launch/rviz_launch.py
[0.240s] -- Up-to-date: /root/home/foxy_ws/src/tech_palcantara/hoverboard_mvp/install/hoverboard_mvp/share/hoverboard_mvp//launch/spawn_robot.launch.py
[0.240s] -- Up-to-date: /root/home/foxy_ws/src/tech_palcantara/hoverboard_mvp/install/hoverboard_mvp/share/hoverboard_mvp//launch/controllers.launch.py
[0.241s] -- Up-to-date: /root/home/foxy_ws/src/tech_palcantara/hoverboard_mvp/install/hoverboard_mvp/share/hoverboard_mvp//launch/localization_launch.py
[0.241s] -- Up-to-date: /root/home/foxy_ws/src/tech_palcantara/hoverboard_mvp/install/hoverboard_mvp/share/hoverboard_mvp//launch/navigation_launch.py
[0.241s] -- Up-to-date: /root/home/foxy_ws/src/tech_palcantara/hoverboard_mvp/install/hoverboard_mvp/share/hoverboard_mvp//worlds
[0.241s] -- Up-to-date: /root/home/foxy_ws/src/tech_palcantara/hoverboard_mvp/install/hoverboard_mvp/share/hoverboard_mvp//worlds/empty.world
[0.241s] -- Up-to-date: /root/home/foxy_ws/src/tech_palcantara/hoverboard_mvp/install/hoverboard_mvp/share/hoverboard_mvp//worlds/diff_driver_robot.world
[0.241s] -- Up-to-date: /root/home/foxy_ws/src/tech_palcantara/hoverboard_mvp/install/hoverboard_mvp/share/hoverboard_mvp//urdf
[0.242s] -- Up-to-date: /root/home/foxy_ws/src/tech_palcantara/hoverboard_mvp/install/hoverboard_mvp/share/hoverboard_mvp//urdf/hoverboard.urdf
[0.242s] -- Up-to-date: /root/home/foxy_ws/src/tech_palcantara/hoverboard_mvp/install/hoverboard_mvp/share/hoverboard_mvp//rviz
[0.242s] -- Up-to-date: /root/home/foxy_ws/src/tech_palcantara/hoverboard_mvp/install/hoverboard_mvp/share/hoverboard_mvp//rviz/nav2_default_view.rviz
[0.242s] -- Up-to-date: /root/home/foxy_ws/src/tech_palcantara/hoverboard_mvp/install/hoverboard_mvp/share/hoverboard_mvp//params
[0.242s] -- Up-to-date: /root/home/foxy_ws/src/tech_palcantara/hoverboard_mvp/install/hoverboard_mvp/share/hoverboard_mvp//params/nav2_params.yaml
[0.242s] -- Up-to-date: /root/home/foxy_ws/src/tech_palcantara/hoverboard_mvp/install/hoverboard_mvp/share/hoverboard_mvp//maps
[0.242s] -- Up-to-date: /root/home/foxy_ws/src/tech_palcantara/hoverboard_mvp/install/hoverboard_mvp/share/hoverboard_mvp//maps/simple.pgm
[0.243s] -- Up-to-date: /root/home/foxy_ws/src/tech_palcantara/hoverboard_mvp/install/hoverboard_mvp/share/hoverboard_mvp//maps/simple.yaml
[0.243s] -- Up-to-date: /root/home/foxy_ws/src/tech_palcantara/hoverboard_mvp/install/hoverboard_mvp/share/hoverboard_mvp/environment/pythonpath.sh
[0.243s] -- Up-to-date: /root/home/foxy_ws/src/tech_palcantara/hoverboard_mvp/install/hoverboard_mvp/share/hoverboard_mvp/environment/pythonpath.dsv
[0.243s] -- Up-to-date: /root/home/foxy_ws/src/tech_palcantara/hoverboard_mvp/install/hoverboard_mvp/lib/python3.8/site-packages/hoverboard_mvp
[0.243s] -- Up-to-date: /root/home/foxy_ws/src/tech_palcantara/hoverboard_mvp/install/hoverboard_mvp/lib/python3.8/site-packages/hoverboard_mvp/path_controller.py
[0.243s] -- Up-to-date: /root/home/foxy_ws/src/tech_palcantara/hoverboard_mvp/install/hoverboard_mvp/lib/python3.8/site-packages/hoverboard_mvp/__init__.py
[0.304s] Listing '/root/home/foxy_ws/src/tech_palcantara/hoverboard_mvp/install/hoverboard_mvp/lib/python3.8/site-packages/hoverboard_mvp'...
[0.310s] -- Up-to-date: /root/home/foxy_ws/src/tech_palcantara/hoverboard_mvp/install/hoverboard_mvp/lib/hoverboard_mvp/path_controller_node.py
[0.310s] -- Up-to-date: /root/home/foxy_ws/src/tech_palcantara/hoverboard_mvp/install/hoverboard_mvp/share/ament_index/resource_index/package_run_dependencies/hoverboard_mvp
[0.311s] -- Up-to-date: /root/home/foxy_ws/src/tech_palcantara/hoverboard_mvp/install/hoverboard_mvp/share/ament_index/resource_index/parent_prefix_path/hoverboard_mvp
[0.311s] -- Up-to-date: /root/home/foxy_ws/src/tech_palcantara/hoverboard_mvp/install/hoverboard_mvp/share/hoverboard_mvp/environment/ament_prefix_path.sh
[0.311s] -- Up-to-date: /root/home/foxy_ws/src/tech_palcantara/hoverboard_mvp/install/hoverboard_mvp/share/hoverboard_mvp/environment/ament_prefix_path.dsv
[0.312s] -- Up-to-date: /root/home/foxy_ws/src/tech_palcantara/hoverboard_mvp/install/hoverboard_mvp/share/hoverboard_mvp/environment/path.sh
[0.312s] -- Up-to-date: /root/home/foxy_ws/src/tech_palcantara/hoverboard_mvp/install/hoverboard_mvp/share/hoverboard_mvp/environment/path.dsv
[0.312s] -- Up-to-date: /root/home/foxy_ws/src/tech_palcantara/hoverboard_mvp/install/hoverboard_mvp/share/hoverboard_mvp/local_setup.bash
[0.312s] -- Up-to-date: /root/home/foxy_ws/src/tech_palcantara/hoverboard_mvp/install/hoverboard_mvp/share/hoverboard_mvp/local_setup.sh
[0.313s] -- Up-to-date: /root/home/foxy_ws/src/tech_palcantara/hoverboard_mvp/install/hoverboard_mvp/share/hoverboard_mvp/local_setup.zsh
[0.313s] -- Up-to-date: /root/home/foxy_ws/src/tech_palcantara/hoverboard_mvp/install/hoverboard_mvp/share/hoverboard_mvp/local_setup.dsv
[0.313s] -- Installing: /root/home/foxy_ws/src/tech_palcantara/hoverboard_mvp/install/hoverboard_mvp/share/hoverboard_mvp/package.dsv
[0.313s] -- Up-to-date: /root/home/foxy_ws/src/tech_palcantara/hoverboard_mvp/install/hoverboard_mvp/share/ament_index/resource_index/packages/hoverboard_mvp
[0.313s] -- Up-to-date: /root/home/foxy_ws/src/tech_palcantara/hoverboard_mvp/install/hoverboard_mvp/share/hoverboard_mvp/cmake/hoverboard_mvpConfig.cmake
[0.314s] -- Up-to-date: /root/home/foxy_ws/src/tech_palcantara/hoverboard_mvp/install/hoverboard_mvp/share/hoverboard_mvp/cmake/hoverboard_mvpConfig-version.cmake
[0.314s] -- Up-to-date: /root/home/foxy_ws/src/tech_palcantara/hoverboard_mvp/install/hoverboard_mvp/share/hoverboard_mvp/package.xml
[0.316s] Invoked command in '/root/home/foxy_ws/src/tech_palcantara/hoverboard_mvp/build/hoverboard_mvp' returned '0': CMAKE_PREFIX_PATH=/root/home/foxy_ws/install/zero_planner:/root/home/foxy_ws/install/turtlebot3_simulations:/root/home/foxy_ws/install/turtlebot3_gazebo:/root/home/foxy_ws/install/turtlebot3:/root/home/foxy_ws/install/turtlebot3_bringup:/root/home/foxy_ws/install/turtlebot3_node:/root/home/foxy_ws/install/turtlebot3_navigation2:/root/home/foxy_ws/install/turtlebot3_fake_node:/root/home/foxy_ws/install/turtlebot3_description:/root/home/foxy_ws/install/turtlebot3_cartographer:/root/home/foxy_ws/install/squarbo_simulation:/root/home/foxy_ws/install/squarbo_description:/root/home/foxy_ws/install/nav2_straightline_planner:/root/home/foxy_ws/install/my_package:/root/home/foxy_ws/install/hoverboard_mvp:/root/home/foxy_ws/install/dolly:/root/home/foxy_ws/install/dolly_gazebo:/root/home/foxy_ws/install/dolly_follow:/root/home/foxy_ws/install/turtlebot3_teleop:/root/home/foxy_ws/install/turtlebot3_example:/root/home/foxy_ws/install/squarbo_gazebo:/opt/ros/foxy:/opt/ros/noetic /usr/bin/cmake --install /root/home/foxy_ws/src/tech_palcantara/hoverboard_mvp/build/hoverboard_mvp
