[35m[1mScanning dependencies of target move_controller_node[0m
[ 50%] [32mBuilding CXX object CMakeFiles/move_controller_node.dir/src/mode_controller.cpp.o[0m
[100%] [32m[1mLinking CXX executable move_controller_node[0m
[100%] Built target move_controller_node
-- Install configuration: ""
-- Installing: /root/home/foxy_ws/src/tech_palcantara/hoverboard_mvp/install/hoverboard_mvp/lib/hoverboard_mvp/move_controller_node
-- Set runtime path of "/root/home/foxy_ws/src/tech_palcantara/hoverboard_mvp/install/hoverboard_mvp/lib/hoverboard_mvp/move_controller_node" to ""
-- Up-to-date: /root/home/foxy_ws/src/tech_palcantara/hoverboard_mvp/install/hoverboard_mvp/share/hoverboard_mvp//launch
-- Up-to-date: /root/home/foxy_ws/src/tech_palcantara/hoverboard_mvp/install/hoverboard_mvp/share/hoverboard_mvp//launch/bringup_launch.py
-- Up-to-date: /root/home/foxy_ws/src/tech_palcantara/hoverboard_mvp/install/hoverboard_mvp/share/hoverboard_mvp//launch/robot_simulation_launch.py
-- Up-to-date: /root/home/foxy_ws/src/tech_palcantara/hoverboard_mvp/install/hoverboard_mvp/share/hoverboard_mvp//launch/hoverboard.launch.py
-- Up-to-date: /root/home/foxy_ws/src/tech_palcantara/hoverboard_mvp/install/hoverboard_mvp/share/hoverboard_mvp//launch/slam_launch.py
-- Up-to-date: /root/home/foxy_ws/src/tech_palcantara/hoverboard_mvp/install/hoverboard_mvp/share/hoverboard_mvp//launch/rviz_launch.py
-- Up-to-date: /root/home/foxy_ws/src/tech_palcantara/hoverboard_mvp/install/hoverboard_mvp/share/hoverboard_mvp//launch/spawn_robot.launch.py
-- Up-to-date: /root/home/foxy_ws/src/tech_palcantara/hoverboard_mvp/install/hoverboard_mvp/share/hoverboard_mvp//launch/controllers.launch.py
-- Up-to-date: /root/home/foxy_ws/src/tech_palcantara/hoverboard_mvp/install/hoverboard_mvp/share/hoverboard_mvp//launch/localization_launch.py
-- Up-to-date: /root/home/foxy_ws/src/tech_palcantara/hoverboard_mvp/install/hoverboard_mvp/share/hoverboard_mvp//launch/navigation_launch.py
-- Up-to-date: /root/home/foxy_ws/src/tech_palcantara/hoverboard_mvp/install/hoverboard_mvp/share/hoverboard_mvp//worlds
-- Up-to-date: /root/home/foxy_ws/src/tech_palcantara/hoverboard_mvp/install/hoverboard_mvp/share/hoverboard_mvp//worlds/empty.world
-- Up-to-date: /root/home/foxy_ws/src/tech_palcantara/hoverboard_mvp/install/hoverboard_mvp/share/hoverboard_mvp//worlds/diff_driver_robot.world
-- Up-to-date: /root/home/foxy_ws/src/tech_palcantara/hoverboard_mvp/install/hoverboard_mvp/share/hoverboard_mvp//urdf
-- Up-to-date: /root/home/foxy_ws/src/tech_palcantara/hoverboard_mvp/install/hoverboard_mvp/share/hoverboard_mvp//urdf/hoverboard.urdf
-- Up-to-date: /root/home/foxy_ws/src/tech_palcantara/hoverboard_mvp/install/hoverboard_mvp/share/hoverboard_mvp//rviz
-- Up-to-date: /root/home/foxy_ws/src/tech_palcantara/hoverboard_mvp/install/hoverboard_mvp/share/hoverboard_mvp//rviz/nav2_default_view.rviz
-- Up-to-date: /root/home/foxy_ws/src/tech_palcantara/hoverboard_mvp/install/hoverboard_mvp/share/hoverboard_mvp//params
-- Up-to-date: /root/home/foxy_ws/src/tech_palcantara/hoverboard_mvp/install/hoverboard_mvp/share/hoverboard_mvp//params/nav2_params.yaml
-- Up-to-date: /root/home/foxy_ws/src/tech_palcantara/hoverboard_mvp/install/hoverboard_mvp/share/hoverboard_mvp//maps
-- Up-to-date: /root/home/foxy_ws/src/tech_palcantara/hoverboard_mvp/install/hoverboard_mvp/share/hoverboard_mvp//maps/simple.pgm
-- Up-to-date: /root/home/foxy_ws/src/tech_palcantara/hoverboard_mvp/install/hoverboard_mvp/share/hoverboard_mvp//maps/simple.yaml
-- Up-to-date: /root/home/foxy_ws/src/tech_palcantara/hoverboard_mvp/install/hoverboard_mvp/share/hoverboard_mvp/environment/pythonpath.sh
-- Up-to-date: /root/home/foxy_ws/src/tech_palcantara/hoverboard_mvp/install/hoverboard_mvp/share/hoverboard_mvp/environment/pythonpath.dsv
-- Up-to-date: /root/home/foxy_ws/src/tech_palcantara/hoverboard_mvp/install/hoverboard_mvp/lib/python3.8/site-packages/hoverboard_mvp
-- Up-to-date: /root/home/foxy_ws/src/tech_palcantara/hoverboard_mvp/install/hoverboard_mvp/lib/python3.8/site-packages/hoverboard_mvp/path_controller.py
-- Up-to-date: /root/home/foxy_ws/src/tech_palcantara/hoverboard_mvp/install/hoverboard_mvp/lib/python3.8/site-packages/hoverboard_mvp/__init__.py
Listing '/root/home/foxy_ws/src/tech_palcantara/hoverboard_mvp/install/hoverboard_mvp/lib/python3.8/site-packages/hoverboard_mvp'...
-- Up-to-date: /root/home/foxy_ws/src/tech_palcantara/hoverboard_mvp/install/hoverboard_mvp/lib/hoverboard_mvp/path_controller_node.py
-- Up-to-date: /root/home/foxy_ws/src/tech_palcantara/hoverboard_mvp/install/hoverboard_mvp/share/ament_index/resource_index/package_run_dependencies/hoverboard_mvp
-- Up-to-date: /root/home/foxy_ws/src/tech_palcantara/hoverboard_mvp/install/hoverboard_mvp/share/ament_index/resource_index/parent_prefix_path/hoverboard_mvp
-- Up-to-date: /root/home/foxy_ws/src/tech_palcantara/hoverboard_mvp/install/hoverboard_mvp/share/hoverboard_mvp/environment/ament_prefix_path.sh
-- Up-to-date: /root/home/foxy_ws/src/tech_palcantara/hoverboard_mvp/install/hoverboard_mvp/share/hoverboard_mvp/environment/ament_prefix_path.dsv
-- Up-to-date: /root/home/foxy_ws/src/tech_palcantara/hoverboard_mvp/install/hoverboard_mvp/share/hoverboard_mvp/environment/path.sh
-- Up-to-date: /root/home/foxy_ws/src/tech_palcantara/hoverboard_mvp/install/hoverboard_mvp/share/hoverboard_mvp/environment/path.dsv
-- Up-to-date: /root/home/foxy_ws/src/tech_palcantara/hoverboard_mvp/install/hoverboard_mvp/share/hoverboard_mvp/local_setup.bash
-- Up-to-date: /root/home/foxy_ws/src/tech_palcantara/hoverboard_mvp/install/hoverboard_mvp/share/hoverboard_mvp/local_setup.sh
-- Up-to-date: /root/home/foxy_ws/src/tech_palcantara/hoverboard_mvp/install/hoverboard_mvp/share/hoverboard_mvp/local_setup.zsh
-- Up-to-date: /root/home/foxy_ws/src/tech_palcantara/hoverboard_mvp/install/hoverboard_mvp/share/hoverboard_mvp/local_setup.dsv
-- Installing: /root/home/foxy_ws/src/tech_palcantara/hoverboard_mvp/install/hoverboard_mvp/share/hoverboard_mvp/package.dsv
-- Up-to-date: /root/home/foxy_ws/src/tech_palcantara/hoverboard_mvp/install/hoverboard_mvp/share/ament_index/resource_index/packages/hoverboard_mvp
-- Up-to-date: /root/home/foxy_ws/src/tech_palcantara/hoverboard_mvp/install/hoverboard_mvp/share/hoverboard_mvp/cmake/hoverboard_mvpConfig.cmake
-- Up-to-date: /root/home/foxy_ws/src/tech_palcantara/hoverboard_mvp/install/hoverboard_mvp/share/hoverboard_mvp/cmake/hoverboard_mvpConfig-version.cmake
-- Up-to-date: /root/home/foxy_ws/src/tech_palcantara/hoverboard_mvp/install/hoverboard_mvp/share/hoverboard_mvp/package.xml
