[0.028s] Invoking command in '/root/home/foxy_ws/src/tech_palcantara/hoverboard_mvp/build/hoverboard_mvp': CMAKE_PREFIX_PATH=/root/home/foxy_ws/install/zero_planner:/root/home/foxy_ws/install/turtlebot3_simulations:/root/home/foxy_ws/install/turtlebot3_gazebo:/root/home/foxy_ws/install/turtlebot3:/root/home/foxy_ws/install/turtlebot3_bringup:/root/home/foxy_ws/install/turtlebot3_node:/root/home/foxy_ws/install/turtlebot3_navigation2:/root/home/foxy_ws/install/turtlebot3_fake_node:/root/home/foxy_ws/install/turtlebot3_description:/root/home/foxy_ws/install/turtlebot3_cartographer:/root/home/foxy_ws/install/squarbo_simulation:/root/home/foxy_ws/install/squarbo_description:/root/home/foxy_ws/install/nav2_straightline_planner:/root/home/foxy_ws/install/my_package:/root/home/foxy_ws/install/hoverboard_mvp:/root/home/foxy_ws/install/dolly:/root/home/foxy_ws/install/dolly_gazebo:/root/home/foxy_ws/install/dolly_follow:/root/home/foxy_ws/install/turtlebot3_teleop:/root/home/foxy_ws/install/turtlebot3_example:/root/home/foxy_ws/install/squarbo_gazebo:/opt/ros/foxy:/opt/ros/noetic /usr/bin/cmake --build /root/home/foxy_ws/src/tech_palcantara/hoverboard_mvp/build/hoverboard_mvp -- -j12 -l12
[0.102s] [35m[1mScanning dependencies of target move_controller_node[0m
[0.149s] [ 50%] [32mBuilding CXX object CMakeFiles/move_controller_node.dir/src/mode_controller.cpp.o[0m
[6.865s] [100%] [32m[1mLinking CXX executable move_controller_node[0m
[7.200s] [100%] Built target move_controller_node
[7.217s] Invoked command in '/root/home/foxy_ws/src/tech_palcantara/hoverboard_mvp/build/hoverboard_mvp' returned '0': CMAKE_PREFIX_PATH=/root/home/foxy_ws/install/zero_planner:/root/home/foxy_ws/install/turtlebot3_simulations:/root/home/foxy_ws/install/turtlebot3_gazebo:/root/home/foxy_ws/install/turtlebot3:/root/home/foxy_ws/install/turtlebot3_bringup:/root/home/foxy_ws/install/turtlebot3_node:/root/home/foxy_ws/install/turtlebot3_navigation2:/root/home/foxy_ws/install/turtlebot3_fake_node:/root/home/foxy_ws/install/turtlebot3_description:/root/home/foxy_ws/install/turtlebot3_cartographer:/root/home/foxy_ws/install/squarbo_simulation:/root/home/foxy_ws/install/squarbo_description:/root/home/foxy_ws/install/nav2_straightline_planner:/root/home/foxy_ws/install/my_package:/root/home/foxy_ws/install/hoverboard_mvp:/root/home/foxy_ws/install/dolly:/root/home/foxy_ws/install/dolly_gazebo:/root/home/foxy_ws/install/dolly_follow:/root/home/foxy_ws/install/turtlebot3_teleop:/root/home/foxy_ws/install/turtlebot3_example:/root/home/foxy_ws/install/squarbo_gazebo:/opt/ros/foxy:/opt/ros/noetic /usr/bin/cmake --build /root/home/foxy_ws/src/tech_palcantara/hoverboard_mvp/build/hoverboard_mvp -- -j12 -l12
[7.262s] Invoking command in '/root/home/foxy_ws/src/tech_palcantara/hoverboard_mvp/build/hoverboard_mvp': CMAKE_PREFIX_PATH=/root/home/foxy_ws/install/zero_planner:/root/home/foxy_ws/install/turtlebot3_simulations:/root/home/foxy_ws/install/turtlebot3_gazebo:/root/home/foxy_ws/install/turtlebot3:/root/home/foxy_ws/install/turtlebot3_bringup:/root/home/foxy_ws/install/turtlebot3_node:/root/home/foxy_ws/install/turtlebot3_navigation2:/root/home/foxy_ws/install/turtlebot3_fake_node:/root/home/foxy_ws/install/turtlebot3_description:/root/home/foxy_ws/install/turtlebot3_cartographer:/root/home/foxy_ws/install/squarbo_simulation:/root/home/foxy_ws/install/squarbo_description:/root/home/foxy_ws/install/nav2_straightline_planner:/root/home/foxy_ws/install/my_package:/root/home/foxy_ws/install/hoverboard_mvp:/root/home/foxy_ws/install/dolly:/root/home/foxy_ws/install/dolly_gazebo:/root/home/foxy_ws/install/dolly_follow:/root/home/foxy_ws/install/turtlebot3_teleop:/root/home/foxy_ws/install/turtlebot3_example:/root/home/foxy_ws/install/squarbo_gazebo:/opt/ros/foxy:/opt/ros/noetic /usr/bin/cmake --install /root/home/foxy_ws/src/tech_palcantara/hoverboard_mvp/build/hoverboard_mvp
[7.276s] -- Install configuration: ""
[7.276s] -- Installing: /root/home/foxy_ws/src/tech_palcantara/hoverboard_mvp/install/hoverboard_mvp/lib/hoverboard_mvp/move_controller_node
[7.280s] -- Set runtime path of "/root/home/foxy_ws/src/tech_palcantara/hoverboard_mvp/install/hoverboard_mvp/lib/hoverboard_mvp/move_controller_node" to ""
[7.281s] -- Up-to-date: /root/home/foxy_ws/src/tech_palcantara/hoverboard_mvp/install/hoverboard_mvp/share/hoverboard_mvp//launch
[7.281s] -- Up-to-date: /root/home/foxy_ws/src/tech_palcantara/hoverboard_mvp/install/hoverboard_mvp/share/hoverboard_mvp//launch/bringup_launch.py
[7.281s] -- Up-to-date: /root/home/foxy_ws/src/tech_palcantara/hoverboard_mvp/install/hoverboard_mvp/share/hoverboard_mvp//launch/robot_simulation_launch.py
[7.281s] -- Up-to-date: /root/home/foxy_ws/src/tech_palcantara/hoverboard_mvp/install/hoverboard_mvp/share/hoverboard_mvp//launch/hoverboard.launch.py
[7.282s] -- Up-to-date: /root/home/foxy_ws/src/tech_palcantara/hoverboard_mvp/install/hoverboard_mvp/share/hoverboard_mvp//launch/slam_launch.py
[7.282s] -- Up-to-date: /root/home/foxy_ws/src/tech_palcantara/hoverboard_mvp/install/hoverboard_mvp/share/hoverboard_mvp//launch/rviz_launch.py
[7.282s] -- Up-to-date: /root/home/foxy_ws/src/tech_palcantara/hoverboard_mvp/install/hoverboard_mvp/share/hoverboard_mvp//launch/spawn_robot.launch.py
[7.282s] -- Up-to-date: /root/home/foxy_ws/src/tech_palcantara/hoverboard_mvp/install/hoverboard_mvp/share/hoverboard_mvp//launch/controllers.launch.py
[7.282s] -- Up-to-date: /root/home/foxy_ws/src/tech_palcantara/hoverboard_mvp/install/hoverboard_mvp/share/hoverboard_mvp//launch/localization_launch.py
[7.282s] -- Up-to-date: /root/home/foxy_ws/src/tech_palcantara/hoverboard_mvp/install/hoverboard_mvp/share/hoverboard_mvp//launch/navigation_launch.py
[7.282s] -- Up-to-date: /root/home/foxy_ws/src/tech_palcantara/hoverboard_mvp/install/hoverboard_mvp/share/hoverboard_mvp//worlds
[7.282s] -- Up-to-date: /root/home/foxy_ws/src/tech_palcantara/hoverboard_mvp/install/hoverboard_mvp/share/hoverboard_mvp//worlds/empty.world
[7.283s] -- Up-to-date: /root/home/foxy_ws/src/tech_palcantara/hoverboard_mvp/install/hoverboard_mvp/share/hoverboard_mvp//worlds/diff_driver_robot.world
[7.283s] -- Up-to-date: /root/home/foxy_ws/src/tech_palcantara/hoverboard_mvp/install/hoverboard_mvp/share/hoverboard_mvp//urdf
[7.283s] -- Up-to-date: /root/home/foxy_ws/src/tech_palcantara/hoverboard_mvp/install/hoverboard_mvp/share/hoverboard_mvp//urdf/hoverboard.urdf
[7.283s] -- Up-to-date: /root/home/foxy_ws/src/tech_palcantara/hoverboard_mvp/install/hoverboard_mvp/share/hoverboard_mvp//rviz
[7.283s] -- Up-to-date: /root/home/foxy_ws/src/tech_palcantara/hoverboard_mvp/install/hoverboard_mvp/share/hoverboard_mvp//rviz/nav2_default_view.rviz
[7.283s] -- Up-to-date: /root/home/foxy_ws/src/tech_palcantara/hoverboard_mvp/install/hoverboard_mvp/share/hoverboard_mvp//params
[7.283s] -- Up-to-date: /root/home/foxy_ws/src/tech_palcantara/hoverboard_mvp/install/hoverboard_mvp/share/hoverboard_mvp//params/nav2_params.yaml
[7.283s] -- Up-to-date: /root/home/foxy_ws/src/tech_palcantara/hoverboard_mvp/install/hoverboard_mvp/share/hoverboard_mvp//maps
[7.284s] -- Up-to-date: /root/home/foxy_ws/src/tech_palcantara/hoverboard_mvp/install/hoverboard_mvp/share/hoverboard_mvp//maps/simple.pgm
[7.284s] -- Up-to-date: /root/home/foxy_ws/src/tech_palcantara/hoverboard_mvp/install/hoverboard_mvp/share/hoverboard_mvp//maps/simple.yaml
[7.284s] -- Up-to-date: /root/home/foxy_ws/src/tech_palcantara/hoverboard_mvp/install/hoverboard_mvp/share/hoverboard_mvp/environment/pythonpath.sh
[7.284s] -- Up-to-date: /root/home/foxy_ws/src/tech_palcantara/hoverboard_mvp/install/hoverboard_mvp/share/hoverboard_mvp/environment/pythonpath.dsv
[7.284s] -- Up-to-date: /root/home/foxy_ws/src/tech_palcantara/hoverboard_mvp/install/hoverboard_mvp/lib/python3.8/site-packages/hoverboard_mvp
[7.284s] -- Up-to-date: /root/home/foxy_ws/src/tech_palcantara/hoverboard_mvp/install/hoverboard_mvp/lib/python3.8/site-packages/hoverboard_mvp/path_controller.py
[7.284s] -- Up-to-date: /root/home/foxy_ws/src/tech_palcantara/hoverboard_mvp/install/hoverboard_mvp/lib/python3.8/site-packages/hoverboard_mvp/__init__.py
[7.337s] Listing '/root/home/foxy_ws/src/tech_palcantara/hoverboard_mvp/install/hoverboard_mvp/lib/python3.8/site-packages/hoverboard_mvp'...
[7.342s] -- Up-to-date: /root/home/foxy_ws/src/tech_palcantara/hoverboard_mvp/install/hoverboard_mvp/lib/hoverboard_mvp/path_controller_node.py
[7.342s] -- Up-to-date: /root/home/foxy_ws/src/tech_palcantara/hoverboard_mvp/install/hoverboard_mvp/share/ament_index/resource_index/package_run_dependencies/hoverboard_mvp
[7.342s] -- Up-to-date: /root/home/foxy_ws/src/tech_palcantara/hoverboard_mvp/install/hoverboard_mvp/share/ament_index/resource_index/parent_prefix_path/hoverboard_mvp
[7.343s] -- Up-to-date: /root/home/foxy_ws/src/tech_palcantara/hoverboard_mvp/install/hoverboard_mvp/share/hoverboard_mvp/environment/ament_prefix_path.sh
[7.343s] -- Up-to-date: /root/home/foxy_ws/src/tech_palcantara/hoverboard_mvp/install/hoverboard_mvp/share/hoverboard_mvp/environment/ament_prefix_path.dsv
[7.343s] -- Up-to-date: /root/home/foxy_ws/src/tech_palcantara/hoverboard_mvp/install/hoverboard_mvp/share/hoverboard_mvp/environment/path.sh
[7.343s] -- Up-to-date: /root/home/foxy_ws/src/tech_palcantara/hoverboard_mvp/install/hoverboard_mvp/share/hoverboard_mvp/environment/path.dsv
[7.343s] -- Up-to-date: /root/home/foxy_ws/src/tech_palcantara/hoverboard_mvp/install/hoverboard_mvp/share/hoverboard_mvp/local_setup.bash
[7.344s] -- Up-to-date: /root/home/foxy_ws/src/tech_palcantara/hoverboard_mvp/install/hoverboard_mvp/share/hoverboard_mvp/local_setup.sh
[7.344s] -- Up-to-date: /root/home/foxy_ws/src/tech_palcantara/hoverboard_mvp/install/hoverboard_mvp/share/hoverboard_mvp/local_setup.zsh
[7.344s] -- Up-to-date: /root/home/foxy_ws/src/tech_palcantara/hoverboard_mvp/install/hoverboard_mvp/share/hoverboard_mvp/local_setup.dsv
[7.344s] -- Installing: /root/home/foxy_ws/src/tech_palcantara/hoverboard_mvp/install/hoverboard_mvp/share/hoverboard_mvp/package.dsv
[7.344s] -- Up-to-date: /root/home/foxy_ws/src/tech_palcantara/hoverboard_mvp/install/hoverboard_mvp/share/ament_index/resource_index/packages/hoverboard_mvp
[7.344s] -- Up-to-date: /root/home/foxy_ws/src/tech_palcantara/hoverboard_mvp/install/hoverboard_mvp/share/hoverboard_mvp/cmake/hoverboard_mvpConfig.cmake
[7.345s] -- Up-to-date: /root/home/foxy_ws/src/tech_palcantara/hoverboard_mvp/install/hoverboard_mvp/share/hoverboard_mvp/cmake/hoverboard_mvpConfig-version.cmake
[7.345s] -- Up-to-date: /root/home/foxy_ws/src/tech_palcantara/hoverboard_mvp/install/hoverboard_mvp/share/hoverboard_mvp/package.xml
[7.348s] Invoked command in '/root/home/foxy_ws/src/tech_palcantara/hoverboard_mvp/build/hoverboard_mvp' returned '0': CMAKE_PREFIX_PATH=/root/home/foxy_ws/install/zero_planner:/root/home/foxy_ws/install/turtlebot3_simulations:/root/home/foxy_ws/install/turtlebot3_gazebo:/root/home/foxy_ws/install/turtlebot3:/root/home/foxy_ws/install/turtlebot3_bringup:/root/home/foxy_ws/install/turtlebot3_node:/root/home/foxy_ws/install/turtlebot3_navigation2:/root/home/foxy_ws/install/turtlebot3_fake_node:/root/home/foxy_ws/install/turtlebot3_description:/root/home/foxy_ws/install/turtlebot3_cartographer:/root/home/foxy_ws/install/squarbo_simulation:/root/home/foxy_ws/install/squarbo_description:/root/home/foxy_ws/install/nav2_straightline_planner:/root/home/foxy_ws/install/my_package:/root/home/foxy_ws/install/hoverboard_mvp:/root/home/foxy_ws/install/dolly:/root/home/foxy_ws/install/dolly_gazebo:/root/home/foxy_ws/install/dolly_follow:/root/home/foxy_ws/install/turtlebot3_teleop:/root/home/foxy_ws/install/turtlebot3_example:/root/home/foxy_ws/install/squarbo_gazebo:/opt/ros/foxy:/opt/ros/noetic /usr/bin/cmake --install /root/home/foxy_ws/src/tech_palcantara/hoverboard_mvp/build/hoverboard_mvp
